
ROM used:   269/8192 (3%)
            269/8192 (3%) including unused fragments

            0.3 Average locations per line
            4.2 Average locations per statement

RAM used:   10/368 (3%) at main() level
            13/368 (4%) worst case

Stack used: 0 worst case (0 in main + 0 for interrupts)
Stack size: 8

Lines Stmts  %   Files
----- ----- ---  -----
   59    10  16  Teclado matricial.c
  786     0   0  ..\..\..\..\..\Program Files\PICC\Devices\16F887.h
  113    54  84  Teclado4x4.h
----- -----
  958    64 Total

Page ROM  %  RAM    Vol Diff  Functions:
---- --- --- ---    --- ----  ----------
0     20   7    0    149  3.0  @const646
0      7   3    0     17  0.8  kbd_init
0     37  14    1    125  3.0  ALL_ROWS
0    147  55    3   1554  8.4  kbd_getc
0      8   3    0    262  1.8  @goto14283
0     46  17    0    149  3.0  MAIN
 Inline         0             @cinit1

Program metrics:
    Functions               6
    Statements              64
    Comments                187
    Volume (V)              2977
    Difficulty (D)          21.2
    Effort to implement (E) 63091
    Time to implement (T)   58 minutes
    Est Delivered Bugs (B)  1
    Cyclomatic Complexity   18
    Maintainability (MI)    135

 Segment     Used  Free
-----------  ----  ----
00000-00003     4  0  
00004-007FF   265  1779  
00800-00FFF     0  2048  
01000-017FF     0  2048  
01800-01FFF     0  2048  



