
ROM used:   262/8192 (3%)
            262/8192 (3%) including unused fragments

            0.3 Average locations per line
            4.0 Average locations per statement

RAM used:   10/368 (3%) at main() level
            13/368 (4%) worst case

Stack used: 2 worst case (2 in main + 0 for interrupts)
Stack size: 8

Lines Stmts  %   Files
----- ----- ---  -----
   57    10  15  Teclado matricial.c
  708     0   0  ..\..\..\..\..\..\..\..\..\..\Program Files (x86)\PICCDEMO\Devices\16F877A.h
  113    55  85  Teclado4x4.h
----- -----
  878    65 Total

Page ROM  %  RAM    Vol Diff  Functions:
---- --- --- ---    --- ----  ----------
0     20   8    0    221  4.1  @const702
0      8   3    0     32  1.0  kbd_init
0     37  14    1    125  3.0  ALL_ROWS
0    147  56    3   1554  8.4  kbd_getc
0      8   3    0    319  4.1  @goto48610
0     38  15    0    156  3.0  MAIN
 Inline         0    186  5.5  @cinit1

Program metrics:
    Functions               7
    Statements              65
    Comments                188
    Volume (V)              3584
    Difficulty (D)          30.1
    Effort to implement (E) 107705
    Time to implement (T)   1 hours, 40 minutes
    Est Delivered Bugs (B)  1
    Cyclomatic Complexity   20
    Maintainability (MI)    151

 Segment     Used  Free
-----------  ----  ----
00000-00003     4  0  
00004-007FF   258  1786  
00800-00FFF     0  2048  
01000-017FF     0  2048  
01800-01FFF     0  2048  



